Assembler report for Audio
Mon May 08 18:39:38 2017
Quartus Prime Version 16.1.2 Build 203 01/18/2017 SJ Standard Edition


---------------------
; Table of Contents ;
---------------------
  1. Legal Notice
  2. Assembler Summary
  3. Assembler Settings
  4. Assembler Generated Files
  5. Assembler Device Options: D:/University/Uwindsor/FPGA/Board/DE1-Soc/Audio/output_files/Audio.sof
  6. Assembler Messages



----------------
; Legal Notice ;
----------------
Copyright (C) 2017  Intel Corporation. All rights reserved.
Your use of Intel Corporation's design tools, logic functions 
and other software and tools, and its AMPP partner logic 
functions, and any output files from any of the foregoing 
(including device programming or simulation files), and any 
associated documentation or information are expressly subject 
to the terms and conditions of the Intel Program License 
Subscription Agreement, the Intel Quartus Prime License Agreement,
the Intel MegaCore Function License Agreement, or other 
applicable license agreement, including, without limitation, 
that your use is for the sole purpose of programming logic 
devices manufactured by Intel and sold by Intel or its 
authorized distributors.  Please refer to the applicable 
agreement for further details.



+---------------------------------------------------------------+
; Assembler Summary                                             ;
+-----------------------+---------------------------------------+
; Assembler Status      ; Successful - Mon May 08 18:39:38 2017 ;
; Revision Name         ; Audio                                 ;
; Top-level Entity Name ; IIC_Test                              ;
; Family                ; Cyclone V                             ;
; Device                ; 5CSEMA5F31C6                          ;
+-----------------------+---------------------------------------+


+----------------------------------+
; Assembler Settings               ;
+--------+---------+---------------+
; Option ; Setting ; Default Value ;
+--------+---------+---------------+


+------------------------------------------------------------------------+
; Assembler Generated Files                                              ;
+------------------------------------------------------------------------+
; File Name                                                              ;
+------------------------------------------------------------------------+
; D:/University/Uwindsor/FPGA/Board/DE1-Soc/Audio/output_files/Audio.sof ;
+------------------------------------------------------------------------+


+--------------------------------------------------------------------------------------------------+
; Assembler Device Options: D:/University/Uwindsor/FPGA/Board/DE1-Soc/Audio/output_files/Audio.sof ;
+----------------+---------------------------------------------------------------------------------+
; Option         ; Setting                                                                         ;
+----------------+---------------------------------------------------------------------------------+
; Device         ; 5CSEMA5F31C6                                                                    ;
; JTAG usercode  ; 0x00B1FEAD                                                                      ;
; Checksum       ; 0x00B1FEAD                                                                      ;
+----------------+---------------------------------------------------------------------------------+


+--------------------+
; Assembler Messages ;
+--------------------+
Info: *******************************************************************
Info: Running Quartus Prime Assembler
    Info: Version 16.1.2 Build 203 01/18/2017 SJ Standard Edition
    Info: Processing started: Mon May 08 18:39:25 2017
Info: Command: quartus_asm --read_settings_files=off --write_settings_files=off Audio -c Audio
Warning (18236): Number of processors has not been specified which may cause overloading on shared machines.  Set the global assignment NUM_PARALLEL_PROCESSORS in your QSF to an appropriate value for best performance.
Info (115030): Assembler is generating device programming files
Info: Quartus Prime Assembler was successful. 0 errors, 1 warning
    Info: Peak virtual memory: 715 megabytes
    Info: Processing ended: Mon May 08 18:39:38 2017
    Info: Elapsed time: 00:00:13
    Info: Total CPU time (on all processors): 00:00:12


