Analysis & Synthesis report for Audio
Mon May 08 18:38:09 2017
Quartus Prime Version 16.1.2 Build 203 01/18/2017 SJ Standard Edition


---------------------
; Table of Contents ;
---------------------
  1. Legal Notice
  2. Analysis & Synthesis Summary
  3. Analysis & Synthesis Settings
  4. Parallel Compilation
  5. Analysis & Synthesis Source Files Read
  6. Analysis & Synthesis Resource Usage Summary
  7. Analysis & Synthesis Resource Utilization by Entity
  8. State Machine - |IIC_Test|IIC_Avalon:u3|IIC_State
  9. Registers Removed During Synthesis
 10. Removed Registers Triggering Further Register Optimizations
 11. General Register Statistics
 12. Inverted Register Statistics
 13. Multiplexer Restructuring Statistics (Restructuring Performed)
 14. Parameter Settings for User Entity Instance: IIC_Avalon:u3
 15. Port Connectivity Checks: "IIC_Avalon:u3|IIC_Control:u0"
 16. Post-Synthesis Netlist Statistics for Top Partition
 17. Elapsed Time Per Partition
 18. Analysis & Synthesis Messages
 19. Analysis & Synthesis Suppressed Messages



----------------
; Legal Notice ;
----------------
Copyright (C) 2017  Intel Corporation. All rights reserved.
Your use of Intel Corporation's design tools, logic functions 
and other software and tools, and its AMPP partner logic 
functions, and any output files from any of the foregoing 
(including device programming or simulation files), and any 
associated documentation or information are expressly subject 
to the terms and conditions of the Intel Program License 
Subscription Agreement, the Intel Quartus Prime License Agreement,
the Intel MegaCore Function License Agreement, or other 
applicable license agreement, including, without limitation, 
that your use is for the sole purpose of programming logic 
devices manufactured by Intel and sold by Intel or its 
authorized distributors.  Please refer to the applicable 
agreement for further details.



+-----------------------------------------------------------------------------------+
; Analysis & Synthesis Summary                                                      ;
+---------------------------------+-------------------------------------------------+
; Analysis & Synthesis Status     ; Successful - Mon May 08 18:38:09 2017           ;
; Quartus Prime Version           ; 16.1.2 Build 203 01/18/2017 SJ Standard Edition ;
; Revision Name                   ; Audio                                           ;
; Top-level Entity Name           ; IIC_Test                                        ;
; Family                          ; Cyclone V                                       ;
; Logic utilization (in ALMs)     ; N/A                                             ;
; Total registers                 ; 125                                             ;
; Total pins                      ; 14                                              ;
; Total virtual pins              ; 0                                               ;
; Total block memory bits         ; 0                                               ;
; Total DSP Blocks                ; 0                                               ;
; Total HSSI RX PCSs              ; 0                                               ;
; Total HSSI PMA RX Deserializers ; 0                                               ;
; Total HSSI TX PCSs              ; 0                                               ;
; Total HSSI PMA TX Serializers   ; 0                                               ;
; Total PLLs                      ; 0                                               ;
; Total DLLs                      ; 0                                               ;
+---------------------------------+-------------------------------------------------+


+---------------------------------------------------------------------------------------------------------------------------+
; Analysis & Synthesis Settings                                                                                             ;
+---------------------------------------------------------------------------------+--------------------+--------------------+
; Option                                                                          ; Setting            ; Default Value      ;
+---------------------------------------------------------------------------------+--------------------+--------------------+
; Device                                                                          ; 5CSEMA5F31C6       ;                    ;
; Top-level entity name                                                           ; IIC_Test           ; Audio              ;
; Family name                                                                     ; Cyclone V          ; Cyclone V          ;
; Use smart compilation                                                           ; Off                ; Off                ;
; Enable parallel Assembler and TimeQuest Timing Analyzer during compilation      ; On                 ; On                 ;
; Enable compact report table                                                     ; Off                ; Off                ;
; Restructure Multiplexers                                                        ; Auto               ; Auto               ;
; MLAB Add Timing Constraints For Mixed-Port Feed-Through Mode Setting Don't Care ; Off                ; Off                ;
; Create Debugging Nodes for IP Cores                                             ; Off                ; Off                ;
; Preserve fewer node names                                                       ; On                 ; On                 ;
; OpenCore Plus hardware evaluation                                               ; Enable             ; Enable             ;
; Verilog Version                                                                 ; Verilog_2001       ; Verilog_2001       ;
; VHDL Version                                                                    ; VHDL_1993          ; VHDL_1993          ;
; State Machine Processing                                                        ; Auto               ; Auto               ;
; Safe State Machine                                                              ; Off                ; Off                ;
; Extract Verilog State Machines                                                  ; On                 ; On                 ;
; Extract VHDL State Machines                                                     ; On                 ; On                 ;
; Ignore Verilog initial constructs                                               ; Off                ; Off                ;
; Iteration limit for constant Verilog loops                                      ; 5000               ; 5000               ;
; Iteration limit for non-constant Verilog loops                                  ; 250                ; 250                ;
; Add Pass-Through Logic to Inferred RAMs                                         ; On                 ; On                 ;
; Infer RAMs from Raw Logic                                                       ; On                 ; On                 ;
; Parallel Synthesis                                                              ; On                 ; On                 ;
; DSP Block Balancing                                                             ; Auto               ; Auto               ;
; NOT Gate Push-Back                                                              ; On                 ; On                 ;
; Power-Up Don't Care                                                             ; On                 ; On                 ;
; Remove Redundant Logic Cells                                                    ; Off                ; Off                ;
; Remove Duplicate Registers                                                      ; On                 ; On                 ;
; Ignore CARRY Buffers                                                            ; Off                ; Off                ;
; Ignore CASCADE Buffers                                                          ; Off                ; Off                ;
; Ignore GLOBAL Buffers                                                           ; Off                ; Off                ;
; Ignore ROW GLOBAL Buffers                                                       ; Off                ; Off                ;
; Ignore LCELL Buffers                                                            ; Off                ; Off                ;
; Ignore SOFT Buffers                                                             ; On                 ; On                 ;
; Limit AHDL Integers to 32 Bits                                                  ; Off                ; Off                ;
; Optimization Technique                                                          ; Balanced           ; Balanced           ;
; Carry Chain Length                                                              ; 70                 ; 70                 ;
; Auto Carry Chains                                                               ; On                 ; On                 ;
; Auto Open-Drain Pins                                                            ; On                 ; On                 ;
; Perform WYSIWYG Primitive Resynthesis                                           ; Off                ; Off                ;
; Auto ROM Replacement                                                            ; On                 ; On                 ;
; Auto RAM Replacement                                                            ; On                 ; On                 ;
; Auto DSP Block Replacement                                                      ; On                 ; On                 ;
; Auto Shift Register Replacement                                                 ; Auto               ; Auto               ;
; Allow Shift Register Merging across Hierarchies                                 ; Auto               ; Auto               ;
; Auto Clock Enable Replacement                                                   ; On                 ; On                 ;
; Strict RAM Replacement                                                          ; Off                ; Off                ;
; Allow Synchronous Control Signals                                               ; On                 ; On                 ;
; Force Use of Synchronous Clear Signals                                          ; Off                ; Off                ;
; Auto Resource Sharing                                                           ; Off                ; Off                ;
; Allow Any RAM Size For Recognition                                              ; Off                ; Off                ;
; Allow Any ROM Size For Recognition                                              ; Off                ; Off                ;
; Allow Any Shift Register Size For Recognition                                   ; Off                ; Off                ;
; Use LogicLock Constraints during Resource Balancing                             ; On                 ; On                 ;
; Ignore translate_off and synthesis_off directives                               ; Off                ; Off                ;
; Timing-Driven Synthesis                                                         ; On                 ; On                 ;
; Report Parameter Settings                                                       ; On                 ; On                 ;
; Report Source Assignments                                                       ; On                 ; On                 ;
; Report Connectivity Checks                                                      ; On                 ; On                 ;
; Ignore Maximum Fan-Out Assignments                                              ; Off                ; Off                ;
; Synchronization Register Chain Length                                           ; 3                  ; 3                  ;
; PowerPlay Power Optimization During Synthesis                                   ; Normal compilation ; Normal compilation ;
; HDL message level                                                               ; Level2             ; Level2             ;
; Suppress Register Optimization Related Messages                                 ; Off                ; Off                ;
; Number of Removed Registers Reported in Synthesis Report                        ; 5000               ; 5000               ;
; Number of Swept Nodes Reported in Synthesis Report                              ; 5000               ; 5000               ;
; Number of Inverted Registers Reported in Synthesis Report                       ; 100                ; 100                ;
; Clock MUX Protection                                                            ; On                 ; On                 ;
; Auto Gated Clock Conversion                                                     ; Off                ; Off                ;
; Block Design Naming                                                             ; Auto               ; Auto               ;
; SDC constraint protection                                                       ; Off                ; Off                ;
; Synthesis Effort                                                                ; Auto               ; Auto               ;
; Shift Register Replacement - Allow Asynchronous Clear Signal                    ; On                 ; On                 ;
; Pre-Mapping Resynthesis Optimization                                            ; Off                ; Off                ;
; Analysis & Synthesis Message Level                                              ; Medium             ; Medium             ;
; Disable Register Merging Across Hierarchies                                     ; Auto               ; Auto               ;
; Resource Aware Inference For Block RAM                                          ; On                 ; On                 ;
; Automatic Parallel Synthesis                                                    ; On                 ; On                 ;
; Partial Reconfiguration Bitstream ID                                            ; Off                ; Off                ;
+---------------------------------------------------------------------------------+--------------------+--------------------+


+------------------------------------------+
; Parallel Compilation                     ;
+----------------------------+-------------+
; Processors                 ; Number      ;
+----------------------------+-------------+
; Number detected on machine ; 8           ;
; Maximum allowed            ; 4           ;
;                            ;             ;
; Average used               ; 1.00        ;
; Maximum used               ; 4           ;
;                            ;             ;
; Usage by Processor         ; % Time Used ;
;     Processor 1            ; 100.0%      ;
;     Processor 2            ;   0.0%      ;
;     Processors 3-4         ;   0.0%      ;
+----------------------------+-------------+


+------------------------------------------------------------------------------------------------------------------------------------------------------+
; Analysis & Synthesis Source Files Read                                                                                                               ;
+----------------------------------+-----------------+------------------------+--------------------------------------------------------------+---------+
; File Name with User-Entered Path ; Used in Netlist ; File Type              ; File Name with Absolute Path                                 ; Library ;
+----------------------------------+-----------------+------------------------+--------------------------------------------------------------+---------+
; IIC_Test.v                       ; yes             ; User Verilog HDL File  ; D:/University/Uwindsor/FPGA/Board/DE1-Soc/Audio/IIC_Test.v   ;         ;
; IIC_Avalon.v                     ; yes             ; User Verilog HDL File  ; D:/University/Uwindsor/FPGA/Board/DE1-Soc/Audio/IIC_Avalon.v ;         ;
+----------------------------------+-----------------+------------------------+--------------------------------------------------------------+---------+


+------------------------------------------------------------+
; Analysis & Synthesis Resource Usage Summary                ;
+---------------------------------------------+--------------+
; Resource                                    ; Usage        ;
+---------------------------------------------+--------------+
; Estimate of Logic utilization (ALMs needed) ; 78           ;
;                                             ;              ;
; Combinational ALUT usage for logic          ; 123          ;
;     -- 7 input functions                    ; 1            ;
;     -- 6 input functions                    ; 19           ;
;     -- 5 input functions                    ; 18           ;
;     -- 4 input functions                    ; 10           ;
;     -- <=3 input functions                  ; 75           ;
;                                             ;              ;
; Dedicated logic registers                   ; 125          ;
;                                             ;              ;
; I/O pins                                    ; 14           ;
;                                             ;              ;
; Total DSP Blocks                            ; 0            ;
;                                             ;              ;
; Maximum fan-out node                        ; Clk_In~input ;
; Maximum fan-out                             ; 86           ;
; Total fan-out                               ; 798          ;
; Average fan-out                             ; 2.88         ;
+---------------------------------------------+--------------+


+-----------------------------------------------------------------------------------------------------------------------------------------------------------------------------------------------------------+
; Analysis & Synthesis Resource Utilization by Entity                                                                                                                                                       ;
+----------------------------+---------------------+---------------------------+-------------------+------------+------+--------------+----------------------------------------+-------------+--------------+
; Compilation Hierarchy Node ; Combinational ALUTs ; Dedicated Logic Registers ; Block Memory Bits ; DSP Blocks ; Pins ; Virtual Pins ; Full Hierarchy Name                    ; Entity Name ; Library Name ;
+----------------------------+---------------------+---------------------------+-------------------+------------+------+--------------+----------------------------------------+-------------+--------------+
; |IIC_Test                  ; 123 (47)            ; 125 (46)                  ; 0                 ; 0          ; 14   ; 0            ; |IIC_Test                              ; IIC_Test    ; work         ;
;    |IIC_Avalon:u3|         ; 76 (37)             ; 79 (52)                   ; 0                 ; 0          ; 0    ; 0            ; |IIC_Test|IIC_Avalon:u3                ; IIC_Avalon  ; work         ;
;       |IIC_Control:u0|     ; 39 (39)             ; 27 (27)                   ; 0                 ; 0          ; 0    ; 0            ; |IIC_Test|IIC_Avalon:u3|IIC_Control:u0 ; IIC_Control ; work         ;
+----------------------------+---------------------+---------------------------+-------------------+------------+------+--------------+----------------------------------------+-------------+--------------+
Note: For table entries with two numbers listed, the numbers in parentheses indicate the number of resources of the given type used by the specific entity alone. The numbers listed outside of parentheses indicate the total resources of the given type used by the specific entity and all of its sub-entities in the hierarchy.


Encoding Type:  One-Hot
+---------------------------------------------------------------+
; State Machine - |IIC_Test|IIC_Avalon:u3|IIC_State             ;
+---------------+---------------+---------------+---------------+
; Name          ; IIC_State.000 ; IIC_State.010 ; IIC_State.001 ;
+---------------+---------------+---------------+---------------+
; IIC_State.000 ; 0             ; 0             ; 0             ;
; IIC_State.001 ; 1             ; 0             ; 1             ;
; IIC_State.010 ; 1             ; 1             ; 0             ;
+---------------+---------------+---------------+---------------+


+------------------------------------------------------------------------------------------------------+
; Registers Removed During Synthesis                                                                   ;
+----------------------------------------------+-------------------------------------------------------+
; Register name                                ; Reason for Removal                                    ;
+----------------------------------------------+-------------------------------------------------------+
; LEDR[6]~reg0                                 ; Stuck at GND due to stuck port data_in                ;
; LEDR[7]~reg0                                 ; Stuck at GND due to stuck port data_in                ;
; LEDR[8]~reg0                                 ; Stuck at GND due to stuck port data_in                ;
; LEDR[9]~reg0                                 ; Stuck at GND due to stuck port data_in                ;
; Reg_state[3..5]                              ; Stuck at GND due to stuck port data_in                ;
; LEDR[3]~reg0                                 ; Stuck at GND due to stuck port data_in                ;
; LEDR[4]~reg0                                 ; Stuck at GND due to stuck port data_in                ;
; LEDR[5]~reg0                                 ; Stuck at GND due to stuck port data_in                ;
; IIC_Avalon:u3|IIC_Control:u0|Sda_Data[22,23] ; Merged with IIC_Avalon:u3|IIC_Control:u0|Sda_Data[17] ;
; IIC_Avalon:u3|IIC_Control:u0|Sda_Data[21]    ; Merged with IIC_Avalon:u3|IIC_Control:u0|Sda_Data[20] ;
; IIC_Avalon:u3|IIC_Control:u0|Sda_Data[9,15]  ; Merged with IIC_Avalon:u3|IIC_Control:u0|Sda_Data[14] ;
; IIC_Avalon:u3|IIC_Control:u0|Sda_Data[13]    ; Merged with IIC_Avalon:u3|IIC_Control:u0|Sda_Data[12] ;
; IIC_Avalon:u3|IIC_Control:u0|Sda_Data[6,7]   ; Merged with IIC_Avalon:u3|IIC_Control:u0|Sda_Data[1]  ;
; IIC_Avalon:u3|IIC_Control:u0|Sda_Data[5]     ; Merged with IIC_Avalon:u3|IIC_Control:u0|Sda_Data[4]  ;
; IIC_Avalon:u3|IIC_Data[22,23]                ; Merged with IIC_Avalon:u3|IIC_Data[17]                ;
; IIC_Avalon:u3|IIC_Data[21]                   ; Merged with IIC_Avalon:u3|IIC_Data[20]                ;
; IIC_Avalon:u3|IIC_Data[9,15]                 ; Merged with IIC_Avalon:u3|IIC_Data[14]                ;
; IIC_Avalon:u3|IIC_Data[13]                   ; Merged with IIC_Avalon:u3|IIC_Data[12]                ;
; IIC_Avalon:u3|IIC_Data[6,7]                  ; Merged with IIC_Avalon:u3|IIC_Data[1]                 ;
; IIC_Avalon:u3|IIC_Data[5]                    ; Merged with IIC_Avalon:u3|IIC_Data[4]                 ;
; IIC_Avalon:u3|Register_Ram[22,23]            ; Merged with IIC_Avalon:u3|Register_Ram[17]            ;
; IIC_Avalon:u3|Register_Ram[21]               ; Merged with IIC_Avalon:u3|Register_Ram[20]            ;
; IIC_Avalon:u3|Register_Ram[9,15]             ; Merged with IIC_Avalon:u3|Register_Ram[14]            ;
; IIC_Avalon:u3|Register_Ram[13]               ; Merged with IIC_Avalon:u3|Register_Ram[12]            ;
; IIC_Avalon:u3|Register_Ram[6,7]              ; Merged with IIC_Avalon:u3|Register_Ram[1]             ;
; IIC_Avalon:u3|Register_Ram[5]                ; Merged with IIC_Avalon:u3|Register_Ram[4]             ;
; Avalon_Writedata[6,7]                        ; Merged with Avalon_Writedata[1]                       ;
; Avalon_Writedata[5]                          ; Merged with Avalon_Writedata[4]                       ;
; Avalon_Writedata[4]                          ; Merged with Address[0]                                ;
; Avalon_Writedata[3]                          ; Merged with Address[1]                                ;
; IIC_Avalon:u3|IIC_State~6                    ; Lost fanout                                           ;
; Total Number of Removed Registers = 43       ;                                                       ;
+----------------------------------------------+-------------------------------------------------------+


+------------------------------------------------------------------------------------+
; Removed Registers Triggering Further Register Optimizations                        ;
+---------------+---------------------------+----------------------------------------+
; Register name ; Reason for Removal        ; Registers Removed due to This Register ;
+---------------+---------------------------+----------------------------------------+
; Reg_state[3]  ; Stuck at GND              ; LEDR[3]~reg0                           ;
;               ; due to stuck port data_in ;                                        ;
; Reg_state[4]  ; Stuck at GND              ; LEDR[4]~reg0                           ;
;               ; due to stuck port data_in ;                                        ;
; Reg_state[5]  ; Stuck at GND              ; LEDR[5]~reg0                           ;
;               ; due to stuck port data_in ;                                        ;
+---------------+---------------------------+----------------------------------------+


+------------------------------------------------------+
; General Register Statistics                          ;
+----------------------------------------------+-------+
; Statistic                                    ; Value ;
+----------------------------------------------+-------+
; Total registers                              ; 125   ;
; Number of registers using Synchronous Clear  ; 49    ;
; Number of registers using Synchronous Load   ; 0     ;
; Number of registers using Asynchronous Clear ; 0     ;
; Number of registers using Asynchronous Load  ; 0     ;
; Number of registers using Clock Enable       ; 70    ;
; Number of registers using Preset             ; 0     ;
+----------------------------------------------+-------+


+--------------------------------------------------+
; Inverted Register Statistics                     ;
+----------------------------------------+---------+
; Inverted Register                      ; Fan out ;
+----------------------------------------+---------+
; IIC_Avalon:u3|IIC_Control:u0|End       ; 5       ;
; Total number of inverted registers = 1 ;         ;
+----------------------------------------+---------+


+-------------------------------------------------------------------------------------------------------------------------------------------------------------------+
; Multiplexer Restructuring Statistics (Restructuring Performed)                                                                                                    ;
+--------------------+-----------+---------------+----------------------+------------------------+------------+-----------------------------------------------------+
; Multiplexer Inputs ; Bus Width ; Baseline Area ; Area if Restructured ; Saving if Restructured ; Registered ; Example Multiplexer Output                          ;
+--------------------+-----------+---------------+----------------------+------------------------+------------+-----------------------------------------------------+
; 3:1                ; 6 bits    ; 12 LEs        ; 6 LEs                ; 6 LEs                  ; Yes        ; |IIC_Test|IIC_Avalon:u3|IIC_Control:u0|Sda_Count[4] ;
; 4:1                ; 2 bits    ; 4 LEs         ; 2 LEs                ; 2 LEs                  ; Yes        ; |IIC_Test|Address[1]                                ;
; 4:1                ; 2 bits    ; 4 LEs         ; 2 LEs                ; 2 LEs                  ; Yes        ; |IIC_Test|Address[0]                                ;
; 8:1                ; 3 bits    ; 15 LEs        ; 6 LEs                ; 9 LEs                  ; Yes        ; |IIC_Test|Avalon_Writedata[0]                       ;
+--------------------+-----------+---------------+----------------------+------------------------+------------+-----------------------------------------------------+


+------------------------------------------------------------+
; Parameter Settings for User Entity Instance: IIC_Avalon:u3 ;
+----------------+----------+--------------------------------+
; Parameter Name ; Value    ; Type                           ;
+----------------+----------+--------------------------------+
; CLK_Freq       ; 50000000 ; Signed Integer                 ;
; I2C_Freq       ; 20000    ; Signed Integer                 ;
; LUT_SIZE       ; 51       ; Signed Integer                 ;
; Dummy_DATA     ; 0        ; Signed Integer                 ;
; SET_LIN_L      ; 1        ; Signed Integer                 ;
; SET_LIN_R      ; 2        ; Signed Integer                 ;
; SET_HEAD_L     ; 3        ; Signed Integer                 ;
; SET_HEAD_R     ; 4        ; Signed Integer                 ;
; A_PATH_CTRL    ; 5        ; Signed Integer                 ;
; D_PATH_CTRL    ; 6        ; Signed Integer                 ;
; POWER_ON       ; 7        ; Signed Integer                 ;
; SET_FORMAT     ; 8        ; Signed Integer                 ;
; SAMPLE_CTRL    ; 9        ; Signed Integer                 ;
; SET_ACTIVE     ; 10       ; Signed Integer                 ;
; SET_VIDEO      ; 11       ; Signed Integer                 ;
+----------------+----------+--------------------------------+
Note: In order to hide this table in the UI and the text report file, please set the "Show Parameter Settings in Synthesis Report" option in "Analysis and Synthesis Settings -> More Settings" to "Off".


+----------------------------------------------------------+
; Port Connectivity Checks: "IIC_Avalon:u3|IIC_Control:u0" ;
+-------+-------+----------+-------------------------------+
; Port  ; Type  ; Severity ; Details                       ;
+-------+-------+----------+-------------------------------+
; Reset ; Input ; Info     ; Stuck at VCC                  ;
+-------+-------+----------+-------------------------------+


+-----------------------------------------------------+
; Post-Synthesis Netlist Statistics for Top Partition ;
+-----------------------+-----------------------------+
; Type                  ; Count                       ;
+-----------------------+-----------------------------+
; arriav_ff             ; 125                         ;
;     ENA               ; 54                          ;
;     ENA SCLR          ; 16                          ;
;     SCLR              ; 33                          ;
;     plain             ; 22                          ;
; arriav_io_obuf        ; 1                           ;
; arriav_lcell_comb     ; 124                         ;
;     arith             ; 49                          ;
;         1 data inputs ; 49                          ;
;     extend            ; 1                           ;
;         7 data inputs ; 1                           ;
;     normal            ; 74                          ;
;         0 data inputs ; 1                           ;
;         1 data inputs ; 6                           ;
;         2 data inputs ; 4                           ;
;         3 data inputs ; 16                          ;
;         4 data inputs ; 10                          ;
;         5 data inputs ; 18                          ;
;         6 data inputs ; 19                          ;
; boundary_port         ; 14                          ;
;                       ;                             ;
; Max LUT depth         ; 4.20                        ;
; Average LUT depth     ; 2.24                        ;
+-----------------------+-----------------------------+


+-------------------------------+
; Elapsed Time Per Partition    ;
+----------------+--------------+
; Partition Name ; Elapsed Time ;
+----------------+--------------+
; Top            ; 00:00:01     ;
+----------------+--------------+


+-------------------------------+
; Analysis & Synthesis Messages ;
+-------------------------------+
Info: *******************************************************************
Info: Running Quartus Prime Analysis & Synthesis
    Info: Version 16.1.2 Build 203 01/18/2017 SJ Standard Edition
    Info: Processing started: Mon May 08 18:37:48 2017
Info: Command: quartus_map --read_settings_files=on --write_settings_files=off Audio -c Audio
Warning (18236): Number of processors has not been specified which may cause overloading on shared machines.  Set the global assignment NUM_PARALLEL_PROCESSORS in your QSF to an appropriate value for best performance.
Info (20030): Parallel compilation is enabled and will use 4 of the 4 processors detected
Info (12021): Found 1 design units, including 1 entities, in source file iic_test.v
    Info (12023): Found entity 1: IIC_Test File: D:/University/Uwindsor/FPGA/Board/DE1-Soc/Audio/IIC_Test.v Line: 1
Info (12021): Found 2 design units, including 2 entities, in source file iic_avalon.v
    Info (12023): Found entity 1: IIC_Avalon File: D:/University/Uwindsor/FPGA/Board/DE1-Soc/Audio/IIC_Avalon.v Line: 1
    Info (12023): Found entity 2: IIC_Control File: D:/University/Uwindsor/FPGA/Board/DE1-Soc/Audio/IIC_Avalon.v Line: 142
Info (12127): Elaborating entity "IIC_Test" for the top level hierarchy
Warning (10230): Verilog HDL assignment warning at IIC_Test.v(43): truncated value with size 32 to match size of target (6) File: D:/University/Uwindsor/FPGA/Board/DE1-Soc/Audio/IIC_Test.v Line: 43
Warning (10230): Verilog HDL assignment warning at IIC_Test.v(45): truncated value with size 32 to match size of target (6) File: D:/University/Uwindsor/FPGA/Board/DE1-Soc/Audio/IIC_Test.v Line: 45
Warning (10230): Verilog HDL assignment warning at IIC_Test.v(46): truncated value with size 32 to match size of target (6) File: D:/University/Uwindsor/FPGA/Board/DE1-Soc/Audio/IIC_Test.v Line: 46
Warning (10230): Verilog HDL assignment warning at IIC_Test.v(47): truncated value with size 32 to match size of target (6) File: D:/University/Uwindsor/FPGA/Board/DE1-Soc/Audio/IIC_Test.v Line: 47
Warning (10230): Verilog HDL assignment warning at IIC_Test.v(48): truncated value with size 32 to match size of target (6) File: D:/University/Uwindsor/FPGA/Board/DE1-Soc/Audio/IIC_Test.v Line: 48
Info (12128): Elaborating entity "IIC_Avalon" for hierarchy "IIC_Avalon:u3" File: D:/University/Uwindsor/FPGA/Board/DE1-Soc/Audio/IIC_Test.v Line: 38
Warning (10230): Verilog HDL assignment warning at IIC_Avalon.v(65): truncated value with size 32 to match size of target (16) File: D:/University/Uwindsor/FPGA/Board/DE1-Soc/Audio/IIC_Avalon.v Line: 65
Info (10264): Verilog HDL Case Statement information at IIC_Avalon.v(111): all case item expressions in this case statement are onehot File: D:/University/Uwindsor/FPGA/Board/DE1-Soc/Audio/IIC_Avalon.v Line: 111
Info (12128): Elaborating entity "IIC_Control" for hierarchy "IIC_Avalon:u3|IIC_Control:u0" File: D:/University/Uwindsor/FPGA/Board/DE1-Soc/Audio/IIC_Avalon.v Line: 102
Warning (10230): Verilog HDL assignment warning at IIC_Avalon.v(170): truncated value with size 32 to match size of target (1) File: D:/University/Uwindsor/FPGA/Board/DE1-Soc/Audio/IIC_Avalon.v Line: 170
Warning (10230): Verilog HDL assignment warning at IIC_Avalon.v(171): truncated value with size 32 to match size of target (1) File: D:/University/Uwindsor/FPGA/Board/DE1-Soc/Audio/IIC_Avalon.v Line: 171
Warning (10230): Verilog HDL assignment warning at IIC_Avalon.v(186): truncated value with size 32 to match size of target (6) File: D:/University/Uwindsor/FPGA/Board/DE1-Soc/Audio/IIC_Avalon.v Line: 186
Warning (13024): Output pins are stuck at VCC or GND
    Warning (13410): Pin "LEDR[3]" is stuck at GND File: D:/University/Uwindsor/FPGA/Board/DE1-Soc/Audio/IIC_Test.v Line: 40
    Warning (13410): Pin "LEDR[4]" is stuck at GND File: D:/University/Uwindsor/FPGA/Board/DE1-Soc/Audio/IIC_Test.v Line: 40
    Warning (13410): Pin "LEDR[5]" is stuck at GND File: D:/University/Uwindsor/FPGA/Board/DE1-Soc/Audio/IIC_Test.v Line: 40
    Warning (13410): Pin "LEDR[6]" is stuck at GND File: D:/University/Uwindsor/FPGA/Board/DE1-Soc/Audio/IIC_Test.v Line: 40
    Warning (13410): Pin "LEDR[7]" is stuck at GND File: D:/University/Uwindsor/FPGA/Board/DE1-Soc/Audio/IIC_Test.v Line: 40
    Warning (13410): Pin "LEDR[8]" is stuck at GND File: D:/University/Uwindsor/FPGA/Board/DE1-Soc/Audio/IIC_Test.v Line: 40
    Warning (13410): Pin "LEDR[9]" is stuck at GND File: D:/University/Uwindsor/FPGA/Board/DE1-Soc/Audio/IIC_Test.v Line: 40
Info (286030): Timing-Driven Synthesis is running
Info (17049): 1 registers lost all their fanouts during netlist optimizations.
Info (144001): Generated suppressed messages file D:/University/Uwindsor/FPGA/Board/DE1-Soc/Audio/output_files/Audio.map.smsg
Info (16010): Generating hard_block partition "hard_block:auto_generated_inst"
    Info (16011): Adding 0 node(s), including 0 DDIO, 0 PLL, 0 transceiver and 0 LCELL
Info (21057): Implemented 181 device resources after synthesis - the final resource count might be different
    Info (21058): Implemented 2 input pins
    Info (21059): Implemented 11 output pins
    Info (21060): Implemented 1 bidirectional pins
    Info (21061): Implemented 167 logic cells
Info: Quartus Prime Analysis & Synthesis was successful. 0 errors, 18 warnings
    Info: Peak virtual memory: 719 megabytes
    Info: Processing ended: Mon May 08 18:38:09 2017
    Info: Elapsed time: 00:00:21
    Info: Total CPU time (on all processors): 00:00:47


+------------------------------------------+
; Analysis & Synthesis Suppressed Messages ;
+------------------------------------------+
The suppressed messages can be found in D:/University/Uwindsor/FPGA/Board/DE1-Soc/Audio/output_files/Audio.map.smsg.


